<?xml version="1.0" encoding="UTF-8"?>
<!-- Generated by org.testng.reporters.JUnitReportReporter -->
<testsuite hostname="LAPTOP-QBBI43OL" failures="0" tests="1" name="waytocreatbody.createdmethod" time="0.008" errors="0" timestamp="2023-04-18T15:28:49 IST" skipped="0">
  <testcase classname="waytocreatbody.createdmethod" name="PostusingHashMap" time="0.008"/>
  <system-out/>
</testsuite> <!-- waytocreatbody.createdmethod -->
