<?xml version="1.0" encoding="UTF-8"?>
<!-- Generated by org.testng.reporters.JUnitReportReporter -->
<testsuite hostname="LAPTOP-QBBI43OL" failures="0" tests="4" name="com.demoProj.MyFirstRestAssuredClass" time="5.191" errors="0" timestamp="2025-01-20T21:19:43 IST" skipped="0">
  <testcase classname="com.demoProj.MyFirstRestAssuredClass" name="creatUsers" time="3.143"/>
  <system-out/>
  <testcase classname="com.demoProj.MyFirstRestAssuredClass" name="updateUsers" time="0.648"/>
  <system-out/>
  <testcase classname="com.demoProj.MyFirstRestAssuredClass" name="deleteUsers" time="0.701"/>
  <system-out/>
  <testcase classname="com.demoProj.MyFirstRestAssuredClass" name="getUsers" time="0.699"/>
  <system-out/>
</testsuite> <!-- com.demoProj.MyFirstRestAssuredClass -->
