<?xml version="1.0" encoding="UTF-8"?>
<!-- Generated by org.testng.reporters.JUnitReportReporter -->
<testsuite hostname="LAPTOP-QBBI43OL" failures="0" tests="1" name="waytocreatbody.CreatingBodyUsingPOJO" time="2.266" errors="0" timestamp="2023-04-18T15:49:59 IST" skipped="0">
  <testcase classname="waytocreatbody.CreatingBodyUsingPOJO" name="PostusingPojo" time="2.266"/>
  <system-out/>
</testsuite> <!-- waytocreatbody.CreatingBodyUsingPOJO -->
