<?xml version="1.0" encoding="UTF-8"?>
<!-- Generated by org.testng.reporters.JUnitReportReporter -->
<testsuite hostname="LAPTOP-QBBI43OL" failures="0" tests="2" name="Steps.CreateApiStep" time="2.730" errors="0" timestamp="2025-01-20T21:20:32 IST" skipped="1">
  <testcase classname="Steps.CreateApiStep" name="postcall" time="2.730"/>
  <system-out/>
  <testcase classname="Steps.CreateApiStep" name="getcall">
    <skipped/>
  </testcase> <!-- getcall -->
  <system-out/>
</testsuite> <!-- Steps.CreateApiStep -->
