<?xml version="1.0" encoding="UTF-8"?>
<!-- Generated by org.testng.reporters.JUnitReportReporter -->
<testsuite hostname="LAPTOP-QBBI43OL" failures="0" tests="1" name="waytocreatbody.CreatingmethodUsingJSONObject" time="0.008" errors="0" timestamp="2023-04-18T15:48:47 IST" skipped="0">
  <testcase classname="waytocreatbody.CreatingmethodUsingJSONObject" name="PostusingJsinLibrary" time="0.008"/>
  <system-out/>
</testsuite> <!-- waytocreatbody.CreatingmethodUsingJSONObject -->
